<?xml version="1.0" encoding="UTF-8"?>
<!-- Generated by org.testng.reporters.JUnitReportReporter -->
<testsuite hostname="DESKTOP-7NU0EHF" failures="0" tests="1" name="scripts.TestCase3" time="7.137" errors="0" timestamp="2022-05-05T15:46:58 IST" skipped="0">
  <testcase classname="scripts.TestCase3" name="tc3" time="7.137"/>
  <system-out/>
</testsuite> <!-- scripts.TestCase3 -->
