<?xml version="1.0" encoding="UTF-8"?>
<!-- Generated by org.testng.reporters.JUnitReportReporter -->
<testsuite hostname="DESKTOP-7NU0EHF" failures="0" tests="1" name="scripts.Tc1" time="9.709" errors="0" timestamp="2022-05-05T15:46:58 IST" skipped="0">
  <testcase classname="scripts.Tc1" name="tc1" time="9.709"/>
  <system-out/>
</testsuite> <!-- scripts.Tc1 -->
